These Windows services are started:

   Apache2.4
   Application Layer Gateway Service
   Background Intelligent Transfer Service
   Base Filtering Engine
   CNG Key Isolation
   COM+ Event System
   Computer Browser
   Cryptographic Services
   DCOM Server Process Launcher
   Desktop Window Manager Session Manager
   DHCP Client
   Diagnostic Policy Service
   Diagnostic Service Host
   Distributed Link Tracking Client
   DNS Client
   Extensible Authentication Protocol
   Function Discovery Provider Host
   Gammu SMSD Service (SLiMS_Gateway)
   Group Policy Client
   Internet Connection Sharing (ICS)
   IP Helper
   Multimedia Class Scheduler
   mysql
   Network Connections
   Network List Service
   Network Location Awareness
   Network Store Interface Service
   Offline Files
   Plug and Play
   Portable Device Enumerator Service
   PostgreSQL Server 8.3
   Power
   Print Spooler
   Program Compatibility Assistant Service
   Remote Access Connection Manager
   Remote Procedure Call (RPC)
   RPC Endpoint Mapper
   Secure Socket Tunneling Protocol Service
   Security Accounts Manager
   Security Center
   Server
   Shell Hardware Detection
   SSDP Discovery
   Superfetch
   System Event Notification Service
   Task Scheduler
   TCP/IP NetBIOS Helper
   Telephony
   Themes
   UI Assistant Service
   UPnP Device Host
   User Profile Service
   Windows Audio
   Windows Audio Endpoint Builder
   Windows Connect Now - Config Registrar
   Windows Defender
   Windows Driver Foundation - User-mode Driver Framework
   Windows Event Log
   Windows Firewall
   Windows Font Cache Service
   Windows Image Acquisition (WIA)
   Windows Management Instrumentation
   Windows Search
   Windows Update
   WinHTTP Web Proxy Auto-Discovery Service
   WLAN AutoConfig
   Workstation

The command completed successfully.

